<?xml version="1.0" encoding="UTF-8"?>
<!-- Generated by org.testng.reporters.JUnitXMLReporter -->
<testsuite hostname="DESKTOP-J1PVV9H" ignored="0" name="BankingApp Test" tests="7" failures="3" timestamp="16 May 2021 17:36:14 GMT" time="107.111" errors="0">
  <testcase name="loginTest" time="2.749" classname="com.enetbanking.testcases.TC_LoginTest_001">
    <failure type="java.lang.AssertionError" message="expected [true] but found [false]">
      <![CDATA[java.lang.AssertionError: expected [true] but found [false]
at com.enetbanking.testcases.TC_LoginTest_001.loginTest(TC_LoginTest_001.java:45)
... Removed 29 stack frames]]>
    </failure>
  </testcase> <!-- loginTest -->
  <testcase name="loginDDT" time="16.328" classname="com.enetbanking.testcases.TC_LoginDDT_002"/>
  <testcase name="loginDDT" time="7.488" classname="com.enetbanking.testcases.TC_LoginDDT_002">
    <failure type="java.lang.AssertionError" message="expected [true] but found [false]">
      <![CDATA[java.lang.AssertionError: expected [true] but found [false]
at com.enetbanking.testcases.TC_LoginDDT_002.loginDDT(TC_LoginDDT_002.java:32)
... Removed 29 stack frames]]>
    </failure>
  </testcase> <!-- loginDDT -->
  <testcase name="loginDDT" time="13.479" classname="com.enetbanking.testcases.TC_LoginDDT_002"/>
  <testcase name="loginDDT" time="5.556" classname="com.enetbanking.testcases.TC_LoginDDT_002">
    <failure type="java.lang.AssertionError" message="expected [true] but found [false]">
      <![CDATA[java.lang.AssertionError: expected [true] but found [false]
at com.enetbanking.testcases.TC_LoginDDT_002.loginDDT(TC_LoginDDT_002.java:32)
... Removed 29 stack frames]]>
    </failure>
  </testcase> <!-- loginDDT -->
  <testcase name="loginDDT" time="13.083" classname="com.enetbanking.testcases.TC_LoginDDT_002"/>
  <testcase name="addNewCustomer" time="18.148" classname="com.enetbanking.testcases.TC_AddCustomerTest_003"/>
</testsuite> <!-- BankingApp Test -->
